raspberrypi-kernel-headers
bash
bash-completion
build-essential
bundler
command-not-found
composer
curl
exuberant-ctags
ghi
git
locate
neofetch
nkf
nodejs
node-typescript
pandoc
pep8
powerline
pulseaudio
pycodestyle
python
python3-dev
python3-frozendict
python3-future
python3-ipython
python3-mccabe
python3-pep8
python3-pep8-naming
python3-pip
python3-powerline
python3-powerline-taskwarrior
python3-pycodestyle
python3-pyflakes
python3-setuptools
python3-virtualenv
python-autopep8
python-bottle
python-cryptography
python-dev
python-enum34
python-frozendict
python-future
python-idna
python-ipaddress
python-ipython
python-jedi
python-openssl
python-pep8
python-pip
python-powerline
python-powerline-taskwarrior
python-pyasn1
python-pyflakes
python-pygments
python-setuptools
python-urllib3
python-virtualenv
python-waitress
rake
ruby
rubygems-integration
ruby-minitest
ruby-power-assert
tcl
tilix
tk
tmux
tmux-plugin-manager
virtualenv
wget
x11-xserver-utils
xbase-clients
xbuilder
xcape
xclip
xdg-user-dirs
xorg
ycmd
zip
zsh
zsh-antigen
zsh-syntax-highlighting
